c:\users\박해영\source\repos\algorithm\algorithm\debug\vc140.pdb
c:\users\박해영\source\repos\algorithm\algorithm\debug\vc140.idb
c:\users\박해영\source\repos\algorithm\algorithm\debug\2750.obj
c:\users\박해영\source\repos\algorithm\algorithm\debug\2750_insertionsort.obj
c:\users\박해영\source\repos\algorithm\algorithm\debug\2751_mergesort.obj
c:\users\박해영\source\repos\algorithm\algorithm\debug\2751_heapsort.obj
c:\users\박해영\source\repos\algorithm\algorithm\debug\10828.obj
c:\users\박해영\source\repos\algorithm\algorithm\debug\10845.obj
c:\users\박해영\source\repos\algorithm\algorithm\debug\9012.obj
c:\users\박해영\source\repos\algorithm\algorithm\debug\11866.obj
c:\users\박해영\source\repos\algorithm\algorithm\debug\1966.obj
c:\users\박해영\source\repos\algorithm\algorithm\debug\2606_dfs.obj
c:\users\박해영\source\repos\algorithm\algorithm\debug\7576.obj
c:\users\박해영\source\repos\algorithm\algorithm\debug\2455.obj
c:\users\박해영\source\repos\algorithm\algorithm\debug\1094.obj
c:\users\박해영\source\repos\algorithm\algorithm\debug\1065.obj
c:\users\박해영\source\repos\algorithm\algorithm\debug\2747.obj
c:\users\박해영\source\repos\algorithm\algorithm\debug\2748.obj
c:\users\박해영\source\repos\algorithm\algorithm\debug\1978.obj
c:\users\박해영\source\repos\algorithm\algorithm\debug\2581.obj
c:\users\박해영\source\repos\algorithm\algorithm\debug\1929.obj
c:\users\박해영\source\repos\algorithm\algorithm\debug\1934.obj
c:\users\박해영\source\repos\algorithm\algorithm\debug\13241.obj
c:\users\박해영\source\repos\algorithm\algorithm\debug\1850.obj
c:\users\박해영\source\repos\algorithm\algorithm\debug\3036.obj
c:\users\박해영\source\repos\algorithm\algorithm\debug\11050.obj
c:\users\박해영\source\repos\algorithm\algorithm\debug\11051.obj
c:\users\박해영\source\repos\algorithm\debug\algorithm.ilk
c:\users\박해영\source\repos\algorithm\debug\algorithm.exe
c:\users\박해영\source\repos\algorithm\debug\algorithm.pdb
c:\users\박해영\source\repos\algorithm\algorithm\debug\algorithm.tlog\cl.command.1.tlog
c:\users\박해영\source\repos\algorithm\algorithm\debug\algorithm.tlog\cl.read.1.tlog
c:\users\박해영\source\repos\algorithm\algorithm\debug\algorithm.tlog\cl.write.1.tlog
c:\users\박해영\source\repos\algorithm\algorithm\debug\algorithm.tlog\link.command.1.tlog
c:\users\박해영\source\repos\algorithm\algorithm\debug\algorithm.tlog\link.read.1.tlog
c:\users\박해영\source\repos\algorithm\algorithm\debug\algorithm.tlog\link.write.1.tlog
